=====================================
=====================================
-------------------------------------
myfile11.txt is created
File type:                regular file
I-node number:            3943301
Mode:                     100664 (octal)
Link count:               3
Ownership:                UID=1000   GID=1000
Preferred I/O block size: 4096 bytes
File size:                13 bytes
Blocks allocated:         8
Last status change:       Thu Nov  9 13:35:50 2023
Last file access:         Thu Nov  9 13:35:50 2023
Last file modification:   Thu Nov  9 13:35:50 2023
-------------------------------------
-------------------------------------
myfile12.txt is created
File type:                regular file
I-node number:            3943301
Mode:                     100664 (octal)
Link count:               3
Ownership:                UID=1000   GID=1000
Preferred I/O block size: 4096 bytes
File size:                33 bytes
Blocks allocated:         8
Last status change:       Thu Nov  9 13:35:50 2023
Last file access:         Thu Nov  9 13:35:50 2023
Last file modification:   Thu Nov  9 13:35:50 2023
-------------------------------------
-------------------------------------
myfile11.txt is opened
File type:                regular file
I-node number:            3943301
Mode:                     100664 (octal)
Link count:               2
Ownership:                UID=1000   GID=1000
Preferred I/O block size: 4096 bytes
File size:                33 bytes
Blocks allocated:         8
Last status change:       Thu Nov  9 13:35:50 2023
Last file access:         Thu Nov  9 13:35:50 2023
Last file modification:   Thu Nov  9 13:35:50 2023
-------------------------------------
-------------------------------------
myfile11.txt is modified
File type:                regular file
I-node number:            3943301
Mode:                     100664 (octal)
Link count:               1
Ownership:                UID=1000   GID=1000
Preferred I/O block size: 4096 bytes
File size:                33 bytes
Blocks allocated:         8
Last status change:       Thu Nov  9 13:35:50 2023
Last file access:         Thu Nov  9 13:35:50 2023
Last file modification:   Thu Nov  9 13:35:50 2023
-------------------------------------
-------------------------------------
myfile13.txt is created
-------------------------------------
-------------------------------------
myfile12.txt is deleted
-------------------------------------
-------------------------------------
folder1 is created
File type:                directory
I-node number:            3943304
Mode:                     40775 (octal)
Link count:               2
Ownership:                UID=1000   GID=1000
Preferred I/O block size: 4096 bytes
File size:                4096 bytes
Blocks allocated:         8
Last status change:       Thu Nov  9 13:35:50 2023
Last file access:         Thu Nov  9 13:35:50 2023
Last file modification:   Thu Nov  9 13:35:50 2023
-------------------------------------
-------------------------------------
f1.txt is created
File type:                regular file
I-node number:            3943306
Mode:                     100664 (octal)
Link count:               1
Ownership:                UID=1000   GID=1000
Preferred I/O block size: 4096 bytes
File size:                1 bytes
Blocks allocated:         8
Last status change:       Thu Nov  9 13:35:50 2023
Last file access:         Thu Nov  9 13:35:50 2023
Last file modification:   Thu Nov  9 13:35:50 2023
-------------------------------------
-------------------------------------
f1.txt is opened
File type:                regular file
I-node number:            3943306
Mode:                     100664 (octal)
Link count:               1
Ownership:                UID=1000   GID=1000
Preferred I/O block size: 4096 bytes
File size:                1 bytes
Blocks allocated:         8
Last status change:       Thu Nov  9 13:35:50 2023
Last file access:         Thu Nov  9 13:35:50 2023
Last file modification:   Thu Nov  9 13:35:50 2023
-------------------------------------
-------------------------------------
f1.txt is modified
File type:                regular file
I-node number:            3943306
Mode:                     100664 (octal)
Link count:               1
Ownership:                UID=1000   GID=1000
Preferred I/O block size: 4096 bytes
File size:                1 bytes
Blocks allocated:         8
Last status change:       Thu Nov  9 13:35:50 2023
Last file access:         Thu Nov  9 13:35:50 2023
Last file modification:   Thu Nov  9 13:35:50 2023
-------------------------------------
-------------------------------------
f2.txt is created
File type:                regular file
I-node number:            3943307
Mode:                     100664 (octal)
Link count:               1
Ownership:                UID=1000   GID=1000
Preferred I/O block size: 4096 bytes
File size:                1 bytes
Blocks allocated:         8
Last status change:       Thu Nov  9 13:35:50 2023
Last file access:         Thu Nov  9 13:35:50 2023
Last file modification:   Thu Nov  9 13:35:50 2023
-------------------------------------
-------------------------------------
f2.txt is opened
File type:                regular file
I-node number:            3943307
Mode:                     100664 (octal)
Link count:               1
Ownership:                UID=1000   GID=1000
Preferred I/O block size: 4096 bytes
File size:                1 bytes
Blocks allocated:         8
Last status change:       Thu Nov  9 13:35:50 2023
Last file access:         Thu Nov  9 13:35:50 2023
Last file modification:   Thu Nov  9 13:35:50 2023
-------------------------------------
-------------------------------------
f2.txt is modified
File type:                regular file
I-node number:            3943307
Mode:                     100664 (octal)
Link count:               1
Ownership:                UID=1000   GID=1000
Preferred I/O block size: 4096 bytes
File size:                1 bytes
Blocks allocated:         8
Last status change:       Thu Nov  9 13:35:50 2023
Last file access:         Thu Nov  9 13:35:50 2023
Last file modification:   Thu Nov  9 13:35:50 2023
-------------------------------------
-------------------------------------
folder1 is opened
File type:                directory
I-node number:            3943304
Mode:                     40775 (octal)
Link count:               2
Ownership:                UID=1000   GID=1000
Preferred I/O block size: 4096 bytes
File size:                4096 bytes
Blocks allocated:         8
Last status change:       Thu Nov  9 13:35:50 2023
Last file access:         Thu Nov  9 13:35:50 2023
Last file modification:   Thu Nov  9 13:35:50 2023
-------------------------------------
-------------------------------------
folder1 is accessed
File type:                directory
I-node number:            3943304
Mode:                     40775 (octal)
Link count:               2
Ownership:                UID=1000   GID=1000
Preferred I/O block size: 4096 bytes
File size:                4096 bytes
Blocks allocated:         8
Last status change:       Thu Nov  9 13:35:50 2023
Last file access:         Thu Nov  9 13:35:50 2023
Last file modification:   Thu Nov  9 13:35:50 2023
-------------------------------------
-------------------------------------
f1.txt is opened
File type:                regular file
I-node number:            3943306
Mode:                     100664 (octal)
Link count:               1
Ownership:                UID=1000   GID=1000
Preferred I/O block size: 4096 bytes
File size:                1 bytes
Blocks allocated:         8
Last status change:       Thu Nov  9 13:35:50 2023
Last file access:         Thu Nov  9 13:35:50 2023
Last file modification:   Thu Nov  9 13:35:50 2023
-------------------------------------
-------------------------------------
f1.txt is accessed
File type:                regular file
I-node number:            3943306
Mode:                     100664 (octal)
Link count:               1
Ownership:                UID=1000   GID=1000
Preferred I/O block size: 4096 bytes
File size:                1 bytes
Blocks allocated:         8
Last status change:       Thu Nov  9 13:35:50 2023
Last file access:         Thu Nov  9 13:35:50 2023
Last file modification:   Thu Nov  9 13:35:50 2023
-------------------------------------
-------------------------------------
f2.txt is opened
File type:                regular file
I-node number:            3943307
Mode:                     100664 (octal)
Link count:               1
Ownership:                UID=1000   GID=1000
Preferred I/O block size: 4096 bytes
File size:                7 bytes
Blocks allocated:         8
Last status change:       Thu Nov  9 13:35:50 2023
Last file access:         Thu Nov  9 13:35:50 2023
Last file modification:   Thu Nov  9 13:35:50 2023
-------------------------------------
-------------------------------------
f2.txt is modified
File type:                regular file
I-node number:            3943307
Mode:                     100664 (octal)
Link count:               1
Ownership:                UID=1000   GID=1000
Preferred I/O block size: 4096 bytes
File size:                7 bytes
Blocks allocated:         8
Last status change:       Thu Nov  9 13:35:50 2023
Last file access:         Thu Nov  9 13:35:50 2023
Last file modification:   Thu Nov  9 13:35:50 2023
-------------------------------------
-------------------------------------
f1.txt is opened
File type:                regular file
I-node number:            3943306
Mode:                     100664 (octal)
Link count:               1
Ownership:                UID=1000   GID=1000
Preferred I/O block size: 4096 bytes
File size:                1 bytes
Blocks allocated:         8
Last status change:       Thu Nov  9 13:35:50 2023
Last file access:         Thu Nov  9 13:35:50 2023
Last file modification:   Thu Nov  9 13:35:50 2023
-------------------------------------
-------------------------------------
f1.txt has metadata changed
File type:                regular file
I-node number:            3943306
Mode:                     100664 (octal)
Link count:               1
Ownership:                UID=1000   GID=1000
Preferred I/O block size: 4096 bytes
File size:                1 bytes
Blocks allocated:         8
Last status change:       Thu Nov  9 13:35:50 2023
Last file access:         Thu Nov  9 13:35:50 2023
Last file modification:   Thu Nov  9 13:35:50 2023
-------------------------------------
-------------------------------------
f1.txt is deleted
-------------------------------------
-------------------------------------
folder1 has metadata changed
File type:                directory
I-node number:            3943304
Mode:                     40275 (octal)
Link count:               2
Ownership:                UID=1000   GID=1000
Preferred I/O block size: 4096 bytes
File size:                4096 bytes
Blocks allocated:         8
Last status change:       Thu Nov  9 13:35:50 2023
Last file access:         Thu Nov  9 13:35:50 2023
Last file modification:   Thu Nov  9 13:35:50 2023
-------------------------------------
-------------------------------------
folder1 is deleted
-------------------------------------
-------------------------------------
f2.txt is deleted
-------------------------------------
^C=====================================
-------------------------------------
Path: watched_dir/myfile13.txt
-------------------------------------
-------------------------------------
Path: watched_dir/myfile11.txt
File type:                regular file
I-node number:            3943301
Mode:                     100664 (octal)
Link count:               1
Ownership:                UID=1000   GID=1000
Preferred I/O block size: 4096 bytes
File size:                33 bytes
Blocks allocated:         8
Last status change:       Thu Nov  9 13:35:50 2023
Last file access:         Thu Nov  9 13:35:50 2023
Last file modification:   Thu Nov  9 13:35:50 2023
-------------------------------------
=====================================