Enter quantum: 3
Scheduler: Runtime: 1 seconds.
Process 4: has not arrived yet.
Scheduler: Starting Process 4 (Remaining Time: 4)
Process 4 (PID=<341438>): has been started
Process 4 (PID=<341438>): will find the next trianguar number from (169696, inf)
Process 4 (PID=<341438>): I found this triangular number 170236
Process 4 (PID=<341438>): I found this triangular number 170820
Process 4 (PID=<341438>): I found this triangular number 171405
Process 4 (PID=<341438>): I found this triangular number 171991
Scheduler: Runtime: 3 seconds
Scheduler: Process 4 is running with 3 seconds left
Process 4 (PID=<341438>): I found this triangular number 172578
Process 4 (PID=<341438>): I found this triangular number 173166
Process 4 (PID=<341438>): I found this triangular number 173755
Process 4 (PID=<341438>): I found this triangular number 174345
Scheduler: Runtime: 4 seconds
Scheduler: Process 4 is running with 2 seconds left
Process 4 (PID=<341438>): I found this triangular number 174936
Process 4 (PID=<341438>): I found this triangular number 175528
Process 4 (PID=<341438>): I found this triangular number 176121
Process 4 (PID=<341438>): I found this triangular number 176715
Scheduler: Runtime: 5 seconds
Scheduler: Process 4 is running with 1 seconds left
Scheduler: Stopping Process 4 (Remaining Time: 1)
Process 4 (PID=<341438>): count of triangulars found so far is 12
Process 4: stopping....
Scheduler: Starting Process 3 (Remaining Time: 8)
Process 3 (PID=<341439>): has been started
Process 3 (PID=<341439>): will find the next trianguar number from (334747, inf)
Process 3 (PID=<341439>): I found this triangular number 334971
Process 3 (PID=<341439>): I found this triangular number 335790
Scheduler: Runtime: 6 seconds
Scheduler: Process 3 is running with 7 seconds left
Process 3 (PID=<341439>): I found this triangular number 336610
Scheduler: Runtime: 7 seconds
Scheduler: Process 3 is running with 6 seconds left
Process 3 (PID=<341439>): I found this triangular number 337431
Scheduler: Runtime: 8 seconds
Scheduler: Process 3 is running with 5 seconds left
Scheduler: Stopping Process 3 (Remaining Time: 5)
Process 3 (PID=<341439>): count of triangulars found so far is 4
Process 3: stopping....
Scheduler: Starting Process 5 (Remaining Time: 1)
Process 5 (PID=<341440>): has been started
Process 5 (PID=<341440>): will find the next trianguar number from (608774, inf)
Process 5 (PID=<341440>): I found this triangular number 608856
Scheduler: Runtime: 9 seconds
Scheduler: Process 5 is running with 0 seconds left
Scheduler: Terminating Process 5 (Remaining Time: 0)
Process 5 (PID=<341440>): count of triangulars found so far is 1
Process 5: terminating....
Scheduler: Starting Process 0 (Remaining Time: 2)
Process 0 (PID=<341441>): has been started
Process 0 (PID=<341441>): will find the next trianguar number from (233663, inf)
Process 0 (PID=<341441>): I found this triangular number 234270
Process 0 (PID=<341441>): I found this triangular number 234955
Scheduler: Runtime: 10 seconds
Scheduler: Process 0 is running with 1 seconds left
Process 0 (PID=<341441>): I found this triangular number 235641
Process 0 (PID=<341441>): I found this triangular number 236328
Scheduler: Runtime: 11 seconds
Scheduler: Process 0 is running with 0 seconds left
Scheduler: Terminating Process 0 (Remaining Time: 0)
Process 0 (PID=<341441>): count of triangulars found so far is 4
Process 0: terminating....
Scheduler: Resuming Process 4 (Remaining Time: 1)
Process 4 (PID=<341438>): count of triangulars found so far is 12
Process 4: resuming....
Process 4 (PID=<341438>): I found this triangular number 177310
Process 4 (PID=<341438>): I found this triangular number 177906
Process 4 (PID=<341438>): I found this triangular number 178503
Scheduler: Runtime: 12 seconds
Scheduler: Process 4 is running with 0 seconds left
Scheduler: Terminating Process 4 (Remaining Time: 0)
Process 4 (PID=<341438>): count of triangulars found so far is 15
Process 4: terminating....
Scheduler: Starting Process 1 (Remaining Time: 6)
Process 1 (PID=<341442>): has been started
Process 1 (PID=<341442>): will find the next trianguar number from (906985, inf)
Scheduler: Runtime: 13 seconds
Scheduler: Process 1 is running with 5 seconds left
Scheduler: Runtime: 14 seconds
Scheduler: Process 1 is running with 4 seconds left
Process 1 (PID=<341442>): I found this triangular number 907878
Scheduler: Runtime: 15 seconds
Scheduler: Process 1 is running with 3 seconds left
Scheduler: Stopping Process 1 (Remaining Time: 3)
Scheduler: Resuming Process 3 (Remaining Time: 5)
Process 1 (PID=<341442>): count of triangulars found so far is 1
Process 1: stopping....
Process 3 (PID=<341439>): count of triangulars found so far is 4
Process 3: resuming....
Process 3 (PID=<341439>): I found this triangular number 338253
Process 3 (PID=<341439>): I found this triangular number 339076
Scheduler: Runtime: 16 seconds
Scheduler: Process 3 is running with 4 seconds left
Process 3 (PID=<341439>): I found this triangular number 339900
Scheduler: Runtime: 17 seconds
Scheduler: Process 3 is running with 3 seconds left
Process 3 (PID=<341439>): I found this triangular number 340725
Scheduler: Runtime: 18 seconds
Scheduler: Process 3 is running with 2 seconds left
Scheduler: Stopping Process 3 (Remaining Time: 2)
Process 3 (PID=<341439>): count of triangulars found so far is 8
Process 3: stopping....
Scheduler: Starting Process 6 (Remaining Time: 6)
Process 6 (PID=<341453>): has been started
Process 6 (PID=<341453>): will find the next trianguar number from (630899, inf)
Process 6 (PID=<341453>): I found this triangular number 631126
Scheduler: Runtime: 19 seconds
Scheduler: Process 6 is running with 5 seconds left
Scheduler: Runtime: 20 seconds
Scheduler: Process 6 is running with 4 seconds left
Process 6 (PID=<341453>): I found this triangular number 632250
Scheduler: Runtime: 21 seconds
Scheduler: Process 6 is running with 3 seconds left
Scheduler: Stopping Process 6 (Remaining Time: 3)
Process 6 (PID=<341453>): count of triangulars found so far is 2
Scheduler: Resuming Process 1 (Remaining Time: 3)
Process 6: stopping....
Process 1 (PID=<341442>): count of triangulars found so far is 1
Process 1: resuming....
Scheduler: Runtime: 22 seconds
Scheduler: Process 1 is running with 2 seconds left
Scheduler: Runtime: 23 seconds
Scheduler: Process 1 is running with 1 seconds left
Process 1 (PID=<341442>): I found this triangular number 909226
Scheduler: Runtime: 24 seconds
Scheduler: Process 1 is running with 0 seconds left
Scheduler: Terminating Process 1 (Remaining Time: 0)
Process 1 (PID=<341442>): count of triangulars found so far is 2
Process 1: terminating....
Scheduler: Resuming Process 3 (Remaining Time: 2)
Process 3 (PID=<341439>): count of triangulars found so far is 8
Process 3: resuming....
Process 3 (PID=<341439>): I found this triangular number 341551
Scheduler: Runtime: 25 seconds
Scheduler: Process 3 is running with 1 seconds left
Process 3 (PID=<341439>): I found this triangular number 342378
Process 3 (PID=<341439>): I found this triangular number 343206
Scheduler: Runtime: 26 seconds
Scheduler: Process 3 is running with 0 seconds left
Scheduler: Terminating Process 3 (Remaining Time: 0)
Process 3 (PID=<341439>): count of triangulars found so far is 11
Process 3: terminating....
Scheduler: Starting Process 2 (Remaining Time: 3)
Process 2 (PID=<341455>): has been started
Process 2 (PID=<341455>): will find the next trianguar number from (694053, inf)
Process 2 (PID=<341455>): I found this triangular number 694431
Scheduler: Runtime: 27 seconds
Scheduler: Process 2 is running with 2 seconds left
Scheduler: Runtime: 28 seconds
Scheduler: Process 2 is running with 1 seconds left
Process 2 (PID=<341455>): I found this triangular number 695610
Scheduler: Runtime: 29 seconds
Scheduler: Process 2 is running with 0 seconds left
Scheduler: Terminating Process 2 (Remaining Time: 0)
Process 2 (PID=<341455>): count of triangulars found so far is 2
Process 2: terminating....
Scheduler: Resuming Process 6 (Remaining Time: 3)
Process 6 (PID=<341453>): count of triangulars found so far is 2
Process 6: resuming....
Scheduler: Runtime: 30 seconds
Scheduler: Process 6 is running with 2 seconds left
Process 6 (PID=<341453>): I found this triangular number 633375
Scheduler: Runtime: 31 seconds
Scheduler: Process 6 is running with 1 seconds left
Scheduler: Runtime: 32 seconds
Scheduler: Process 6 is running with 0 seconds left
Scheduler: Terminating Process 6 (Remaining Time: 0)
Process 6 (PID=<341453>): count of triangulars found so far is 3
Process 6: terminating....
Simulation results.....
process 0: 
	at=5
	bt=2
	ct=11
	wt=4
	tat=6
	rt=4
process 1: 
	at=7
	bt=6
	ct=24
	wt=11
	tat=17
	rt=5
process 2: 
	at=20
	bt=3
	ct=29
	wt=6
	tat=9
	rt=6
process 3: 
	at=3
	bt=8
	ct=26
	wt=15
	tat=23
	rt=2
process 4: 
	at=2
	bt=4
	ct=12
	wt=6
	tat=10
	rt=0
process 5: 
	at=3
	bt=1
	ct=9
	wt=5
	tat=6
	rt=5
process 6: 
	at=10
	bt=6
	ct=32
	wt=16
	tat=22
	rt=8
data size = 7
Average results for this run:
	avg_wt=9.000000
	avg_tat=13.285714