Scheduler: Runtime: 1 seconds.
Process 4: has not arrived yet.
Scheduler: Starting Process 4 (Remaining Time: 4)
Process 4 (PID=<341840>): has been started
Process 4 (PID=<341840>): will find the next trianguar number from (304487, inf)
Process 4 (PID=<341840>): I found this triangular number 304590
Process 4 (PID=<341840>): I found this triangular number 305371
Scheduler: Runtime: 3 seconds
Scheduler: Process 4 is running with 3 seconds left
Process 4 (PID=<341840>): I found this triangular number 306153
Process 4 (PID=<341840>): I found this triangular number 306936
Scheduler: Runtime: 4 seconds
Scheduler: Process 4 is running with 2 seconds left
Process 4 (PID=<341840>): I found this triangular number 307720
Scheduler: Runtime: 5 seconds
Scheduler: Process 4 is running with 1 seconds left
Process 4 (PID=<341840>): I found this triangular number 308505
Process 4 (PID=<341840>): I found this triangular number 309291
Scheduler: Runtime: 6 seconds
Scheduler: Process 4 is running with 0 seconds left
Scheduler: Terminating Process 4 (Remaining Time: 0)
Process 4 (PID=<341840>): count of triangulars found so far is 7
Process 4: terminating....
Scheduler: Starting Process 5 (Remaining Time: 1)
Process 5 (PID=<341841>): has been started
Process 5 (PID=<341841>): will find the next trianguar number from (135082, inf)
Process 5 (PID=<341841>): I found this triangular number 135460
Process 5 (PID=<341841>): I found this triangular number 135981
Process 5 (PID=<341841>): I found this triangular number 136503
Process 5 (PID=<341841>): I found this triangular number 137026
Scheduler: Runtime: 7 seconds
Scheduler: Process 5 is running with 0 seconds left
Scheduler: Terminating Process 5 (Remaining Time: 0)
Process 5 (PID=<341841>): count of triangulars found so far is 4
Process 5: terminating....
Scheduler: Starting Process 0 (Remaining Time: 2)
Process 0 (PID=<341842>): has been started
Process 0 (PID=<341842>): will find the next trianguar number from (577009, inf)
Process 0 (PID=<341842>): I found this triangular number 577275
Scheduler: Runtime: 8 seconds
Scheduler: Process 0 is running with 1 seconds left
Scheduler: Runtime: 9 seconds
Scheduler: Process 0 is running with 0 seconds left
Scheduler: Terminating Process 0 (Remaining Time: 0)
Process 0 (PID=<341842>): count of triangulars found so far is 1
Process 0: terminating....
Scheduler: Starting Process 1 (Remaining Time: 6)
Process 1 (PID=<341843>): has been started
Process 1 (PID=<341843>): will find the next trianguar number from (379979, inf)
Process 1 (PID=<341843>): I found this triangular number 380628
Scheduler: Runtime: 10 seconds
Scheduler: Process 1 is running with 5 seconds left
Process 1 (PID=<341843>): I found this triangular number 381501
Scheduler: Runtime: 11 seconds
Scheduler: Process 1 is running with 4 seconds left
Process 1 (PID=<341843>): I found this triangular number 382375
Scheduler: Runtime: 12 seconds
Scheduler: Process 1 is running with 3 seconds left
Process 1 (PID=<341843>): I found this triangular number 383250
Scheduler: Runtime: 13 seconds
Scheduler: Process 1 is running with 2 seconds left
Process 1 (PID=<341843>): I found this triangular number 384126
Scheduler: Runtime: 14 seconds
Scheduler: Process 1 is running with 1 seconds left
Scheduler: Runtime: 15 seconds
Scheduler: Process 1 is running with 0 seconds left
Scheduler: Terminating Process 1 (Remaining Time: 0)
Process 1 (PID=<341843>): count of triangulars found so far is 5
Process 1: terminating....
Scheduler: Starting Process 6 (Remaining Time: 6)
Process 6 (PID=<341846>): has been started
Process 6 (PID=<341846>): will find the next trianguar number from (358268, inf)
Process 6 (PID=<341846>): I found this triangular number 358281
Process 6 (PID=<341846>): I found this triangular number 359128
Scheduler: Runtime: 16 seconds
Scheduler: Process 6 is running with 5 seconds left
Process 6 (PID=<341846>): I found this triangular number 359976
Scheduler: Runtime: 17 seconds
Scheduler: Process 6 is running with 4 seconds left
Process 6 (PID=<341846>): I found this triangular number 360825
Scheduler: Runtime: 18 seconds
Scheduler: Process 6 is running with 3 seconds left
Process 6 (PID=<341846>): I found this triangular number 361675
Scheduler: Runtime: 19 seconds
Scheduler: Process 6 is running with 2 seconds left
Process 6 (PID=<341846>): I found this triangular number 362526
Scheduler: Runtime: 20 seconds
Scheduler: Process 6 is running with 1 seconds left
Process 6 (PID=<341846>): I found this triangular number 363378
Scheduler: Runtime: 21 seconds
Scheduler: Process 6 is running with 0 seconds left
Scheduler: Terminating Process 6 (Remaining Time: 0)
Process 6 (PID=<341846>): count of triangulars found so far is 7
Process 6: terminating....
Scheduler: Starting Process 2 (Remaining Time: 3)
Process 2 (PID=<341900>): has been started
Process 2 (PID=<341900>): will find the next trianguar number from (796475, inf)
Scheduler: Runtime: 22 seconds
Scheduler: Process 2 is running with 2 seconds left
Process 2 (PID=<341900>): I found this triangular number 796953
Scheduler: Runtime: 23 seconds
Scheduler: Process 2 is running with 1 seconds left
Scheduler: Runtime: 24 seconds
Scheduler: Process 2 is running with 0 seconds left
Scheduler: Terminating Process 2 (Remaining Time: 0)
Process 2 (PID=<341900>): count of triangulars found so far is 1
Process 2: terminating....
Scheduler: Starting Process 3 (Remaining Time: 8)
Process 3 (PID=<341907>): has been started
Process 3 (PID=<341907>): will find the next trianguar number from (446733, inf)
Process 3 (PID=<341907>): I found this triangular number 446985
Scheduler: Runtime: 25 seconds
Scheduler: Process 3 is running with 7 seconds left
Scheduler: Runtime: 26 seconds
Scheduler: Process 3 is running with 6 seconds left
Process 3 (PID=<341907>): I found this triangular number 447931
Scheduler: Runtime: 27 seconds
Scheduler: Process 3 is running with 5 seconds left
Process 3 (PID=<341907>): I found this triangular number 448878
Scheduler: Runtime: 28 seconds
Scheduler: Process 3 is running with 4 seconds left
Process 3 (PID=<341907>): I found this triangular number 449826
Scheduler: Runtime: 29 seconds
Scheduler: Process 3 is running with 3 seconds left
Scheduler: Runtime: 30 seconds
Scheduler: Process 3 is running with 2 seconds left
Process 3 (PID=<341907>): I found this triangular number 450775
Scheduler: Runtime: 31 seconds
Scheduler: Process 3 is running with 1 seconds left
Process 3 (PID=<341907>): I found this triangular number 451725
Scheduler: Runtime: 32 seconds
Scheduler: Process 3 is running with 0 seconds left
Scheduler: Terminating Process 3 (Remaining Time: 0)
Process 3 (PID=<341907>): count of triangulars found so far is 6
Process 3: terminating....
Simulation results.....
process 0: 
	at=5
	bt=2
	ct=9
	wt=2
	tat=4
	rt=2
process 1: 
	at=7
	bt=6
	ct=15
	wt=2
	tat=8
	rt=2
process 2: 
	at=20
	bt=3
	ct=24
	wt=1
	tat=4
	rt=1
process 3: 
	at=3
	bt=8
	ct=32
	wt=21
	tat=29
	rt=21
process 4: 
	at=2
	bt=4
	ct=6
	wt=0
	tat=4
	rt=0
process 5: 
	at=3
	bt=1
	ct=7
	wt=3
	tat=4
	rt=3
process 6: 
	at=10
	bt=6
	ct=21
	wt=5
	tat=11
	rt=5
data size = 7
Average results for this run:
	avg_wt=4.857143
	avg_tat=9.142858